[0831/173052.690:ERROR:crash_report_database_win.cc(428)] unexpected header
[0831/175931.655:ERROR:crash_report_database_win.cc(428)] unexpected header
[0831/180438.847:ERROR:crash_report_database_win.cc(428)] unexpected header
[0831/180559.701:ERROR:crash_report_database_win.cc(428)] unexpected header
[0831/181238.116:ERROR:crash_report_database_win.cc(428)] unexpected header
[0831/181717.971:ERROR:crash_report_database_win.cc(428)] unexpected header
[0901/150415.101:ERROR:crash_report_database_win.cc(428)] unexpected header
[0901/150652.730:ERROR:crash_report_database_win.cc(428)] unexpected header
[0901/170756.047:ERROR:crash_report_database_win.cc(428)] unexpected header
[0901/170941.388:ERROR:crash_report_database_win.cc(428)] unexpected header
[0901/171609.928:ERROR:crash_report_database_win.cc(428)] unexpected header
[0901/173028.538:ERROR:crash_report_database_win.cc(428)] unexpected header
[0901/184605.807:ERROR:crash_report_database_win.cc(428)] unexpected header
[0901/225521.305:ERROR:crash_report_database_win.cc(428)] unexpected header
[0902/103606.700:ERROR:crash_report_database_win.cc(428)] unexpected header
[0903/110638.950:ERROR:crash_report_database_win.cc(428)] unexpected header
[0904/110401.584:ERROR:crash_report_database_win.cc(428)] unexpected header
[0905/103201.339:ERROR:crash_report_database_win.cc(428)] unexpected header
[0907/171857.207:ERROR:crash_report_database_win.cc(428)] unexpected header
[0907/211215.037:ERROR:crash_report_database_win.cc(428)] unexpected header
[0907/211633.412:ERROR:crash_report_database_win.cc(428)] unexpected header
[0908/142754.397:ERROR:crash_report_database_win.cc(428)] unexpected header
[0908/172942.446:ERROR:crash_report_database_win.cc(428)] unexpected header
[0908/173123.888:ERROR:crash_report_database_win.cc(428)] unexpected header
[0909/120228.236:ERROR:crash_report_database_win.cc(428)] unexpected header
[0910/135625.997:ERROR:crash_report_database_win.cc(428)] unexpected header
[0910/164912.701:ERROR:crash_report_database_win.cc(428)] unexpected header
[0910/223822.470:ERROR:crash_report_database_win.cc(428)] unexpected header
[0911/102756.203:ERROR:crash_report_database_win.cc(428)] unexpected header
[0911/110626.442:ERROR:crash_report_database_win.cc(428)] unexpected header
[0911/145852.527:ERROR:crash_report_database_win.cc(428)] unexpected header
[0911/203152.096:ERROR:crash_report_database_win.cc(428)] unexpected header
[0911/211544.295:ERROR:crash_report_database_win.cc(428)] unexpected header
[0912/114742.918:ERROR:crash_report_database_win.cc(428)] unexpected header
[0912/184214.634:ERROR:crash_report_database_win.cc(428)] unexpected header
[0912/184844.105:ERROR:crash_report_database_win.cc(428)] unexpected header
[0913/155150.759:ERROR:crash_report_database_win.cc(428)] unexpected header
[0913/221526.445:ERROR:crash_report_database_win.cc(428)] unexpected header
[0913/224347.112:ERROR:crash_report_database_win.cc(428)] unexpected header
[0914/164252.718:ERROR:crash_report_database_win.cc(428)] unexpected header
[0915/162207.424:ERROR:crash_report_database_win.cc(428)] unexpected header
[0916/113322.625:ERROR:crash_report_database_win.cc(428)] unexpected header
[0917/113043.686:ERROR:crash_report_database_win.cc(428)] unexpected header
[0918/104959.819:ERROR:crash_report_database_win.cc(428)] unexpected header
[0919/103558.338:ERROR:crash_report_database_win.cc(428)] unexpected header
[0920/102745.195:ERROR:crash_report_database_win.cc(428)] unexpected header
[0921/115337.981:ERROR:crash_report_database_win.cc(428)] unexpected header
[0922/104459.319:ERROR:crash_report_database_win.cc(428)] unexpected header
[0922/172538.650:ERROR:crash_report_database_win.cc(428)] unexpected header
[0923/181506.098:ERROR:crash_report_database_win.cc(428)] unexpected header
[0925/110730.277:ERROR:crash_report_database_win.cc(428)] unexpected header
[0925/110942.245:ERROR:crash_report_database_win.cc(428)] unexpected header
[0925/172504.305:ERROR:crash_report_database_win.cc(428)] unexpected header
[0926/103305.704:ERROR:crash_report_database_win.cc(428)] unexpected header
[0926/194755.059:ERROR:crash_report_database_win.cc(428)] unexpected header
[0926/200033.312:ERROR:crash_report_database_win.cc(428)] unexpected header
[0926/210820.214:ERROR:crash_report_database_win.cc(428)] unexpected header
[0927/114003.015:ERROR:crash_report_database_win.cc(428)] unexpected header
[0927/233647.916:ERROR:crash_report_database_win.cc(428)] unexpected header
[0927/234048.585:ERROR:crash_report_database_win.cc(428)] unexpected header
[0929/163115.214:ERROR:crash_report_database_win.cc(428)] unexpected header
[0929/210509.375:ERROR:crash_report_database_win.cc(428)] unexpected header
[1001/110643.136:ERROR:crash_report_database_win.cc(428)] unexpected header
[1001/220933.719:ERROR:crash_report_database_win.cc(428)] unexpected header
[1002/104231.072:ERROR:crash_report_database_win.cc(428)] unexpected header
[1002/220622.972:ERROR:crash_report_database_win.cc(428)] unexpected header
[1004/215747.167:ERROR:crash_report_database_win.cc(428)] unexpected header
[1004/220048.904:ERROR:crash_report_database_win.cc(428)] unexpected header
[1004/220237.385:ERROR:crash_report_database_win.cc(428)] unexpected header
[1004/225123.634:ERROR:crash_report_database_win.cc(428)] unexpected header
[0425/115830.906:ERROR:process_reader_win.cc(123)] NtOpenThread: {Access Denied} A process has requested access to an object, but has not been granted those access rights. (0xc0000022)
[0425/115831.287:ERROR:exception_snapshot_win.cc(98)] thread ID 7220 not found in process
[0602/083710.907:ERROR:process_memory_win.cc(73)] ReadMemory at 0x22236fae3c0 of 72 bytes failed: Only part of a ReadProcessMemory or WriteProcessMemory request was completed. (0x12B)
[0602/083711.599:WARNING:pe_image_annotations_reader.cc(134)] could not read annotations list object in C:\Program Files (x86)\Google\Chrome\Application\83.0.4103.61\chrome_elf.dll
[0602/083711.600:ERROR:process_memory_win.cc(73)] ReadMemory at 0x222374d9900 of 72 bytes failed: Only part of a ReadProcessMemory or WriteProcessMemory request was completed. (0x12B)
[0602/083711.600:WARNING:pe_image_annotations_reader.cc(134)] could not read annotations list object in C:\Program Files (x86)\Google\Chrome\Application\83.0.4103.61\chrome.dll
[0602/083711.854:ERROR:process_memory_win.cc(73)] ReadMemory at 0x22236fae3c0 of 72 bytes failed: Only part of a ReadProcessMemory or WriteProcessMemory request was completed. (0x12B)
[0602/083711.854:WARNING:pe_image_annotations_reader.cc(134)] could not read annotations list object in C:\Program Files (x86)\Google\Chrome\Application\83.0.4103.61\chrome_elf.dll
[0602/083711.855:ERROR:process_memory_win.cc(73)] ReadMemory at 0x222374d9900 of 72 bytes failed: Only part of a ReadProcessMemory or WriteProcessMemory request was completed. (0x12B)
[0602/083711.855:WARNING:pe_image_annotations_reader.cc(134)] could not read annotations list object in C:\Program Files (x86)\Google\Chrome\Application\83.0.4103.61\chrome.dll
[0602/083711.858:ERROR:process_memory_win.cc(73)] ReadMemory at 0x22236fae3c0 of 72 bytes failed: Only part of a ReadProcessMemory or WriteProcessMemory request was completed. (0x12B)
[0602/083711.858:WARNING:pe_image_annotations_reader.cc(134)] could not read annotations list object in C:\Program Files (x86)\Google\Chrome\Application\83.0.4103.61\chrome_elf.dll
[0602/083711.859:ERROR:process_memory_win.cc(73)] ReadMemory at 0x222374d9900 of 72 bytes failed: Only part of a ReadProcessMemory or WriteProcessMemory request was completed. (0x12B)
[0602/083711.859:WARNING:pe_image_annotations_reader.cc(134)] could not read annotations list object in C:\Program Files (x86)\Google\Chrome\Application\83.0.4103.61\chrome.dll
[0602/083711.944:ERROR:process_memory_win.cc(73)] ReadMemory at 0x83cf7e6000 of 106496 bytes failed: Only part of a ReadProcessMemory or WriteProcessMemory request was completed. (0x12B)
[0602/083711.945:ERROR:process_memory_win.cc(73)] ReadMemory at 0x83cfffd000 of 12288 bytes failed: Only part of a ReadProcessMemory or WriteProcessMemory request was completed. (0x12B)
[0602/083712.132:ERROR:process_memory_win.cc(73)] ReadMemory at 0x83d0ffd000 of 12288 bytes failed: Only part of a ReadProcessMemory or WriteProcessMemory request was completed. (0x12B)
[0602/083712.132:ERROR:process_memory_win.cc(73)] ReadMemory at 0x83d17fc000 of 16384 bytes failed: Only part of a ReadProcessMemory or WriteProcessMemory request was completed. (0x12B)
[0602/083712.132:ERROR:process_memory_win.cc(73)] ReadMemory at 0x83d1fff000 of 4096 bytes failed: Only part of a ReadProcessMemory or WriteProcessMemory request was completed. (0x12B)
[0602/083712.133:ERROR:process_memory_win.cc(73)] ReadMemory at 0x83d27fd000 of 12288 bytes failed: Only part of a ReadProcessMemory or WriteProcessMemory request was completed. (0x12B)
[0602/083712.133:ERROR:process_memory_win.cc(73)] ReadMemory at 0x83d2ffb000 of 20480 bytes failed: Only part of a ReadProcessMemory or WriteProcessMemory request was completed. (0x12B)
[0602/083712.133:ERROR:process_memory_win.cc(73)] ReadMemory at 0x83d37fc000 of 16384 bytes failed: Only part of a ReadProcessMemory or WriteProcessMemory request was completed. (0x12B)
[0602/083712.134:ERROR:process_memory_win.cc(73)] ReadMemory at 0x83d3ff8000 of 32768 bytes failed: Only part of a ReadProcessMemory or WriteProcessMemory request was completed. (0x12B)
[0602/083712.134:ERROR:process_memory_win.cc(73)] ReadMemory at 0x83d47fc000 of 16384 bytes failed: Only part of a ReadProcessMemory or WriteProcessMemory request was completed. (0x12B)
[0602/083712.134:ERROR:process_memory_win.cc(73)] ReadMemory at 0x83d67fd000 of 12288 bytes failed: Only part of a ReadProcessMemory or WriteProcessMemory request was completed. (0x12B)
[0602/083712.134:ERROR:process_memory_win.cc(73)] ReadMemory at 0x83d7ffd000 of 12288 bytes failed: Only part of a ReadProcessMemory or WriteProcessMemory request was completed. (0x12B)
[0602/083712.135:ERROR:process_memory_win.cc(73)] ReadMemory at 0x83a3ffb000 of 20480 bytes failed: Only part of a ReadProcessMemory or WriteProcessMemory request was completed. (0x12B)
[0602/083712.135:ERROR:process_memory_win.cc(73)] ReadMemory at 0x848fffb000 of 20480 bytes failed: Only part of a ReadProcessMemory or WriteProcessMemory request was completed. (0x12B)
[0602/083712.135:ERROR:process_memory_win.cc(73)] ReadMemory at 0x84927fd000 of 12288 bytes failed: Only part of a ReadProcessMemory or WriteProcessMemory request was completed. (0x12B)
[0602/083712.135:ERROR:process_memory_win.cc(73)] ReadMemory at 0x8492ffd000 of 12288 bytes failed: Only part of a ReadProcessMemory or WriteProcessMemory request was completed. (0x12B)
[0602/083712.136:ERROR:process_memory_win.cc(73)] ReadMemory at 0x84937ff000 of 4096 bytes failed: Only part of a ReadProcessMemory or WriteProcessMemory request was completed. (0x12B)
[0602/083712.136:ERROR:process_memory_win.cc(73)] ReadMemory at 0x83cee00000 of 6024 bytes failed: Only part of a ReadProcessMemory or WriteProcessMemory request was completed. (0x12B)
[0602/083712.136:ERROR:process_memory_win.cc(73)] ReadMemory at 0x83cee02000 of 6024 bytes failed: Only part of a ReadProcessMemory or WriteProcessMemory request was completed. (0x12B)
[0602/083712.137:ERROR:process_memory_win.cc(73)] ReadMemory at 0x83cee04000 of 6024 bytes failed: Only part of a ReadProcessMemory or WriteProcessMemory request was completed. (0x12B)
[0602/083712.137:ERROR:process_memory_win.cc(73)] ReadMemory at 0x83cee0c000 of 6024 bytes failed: Only part of a ReadProcessMemory or WriteProcessMemory request was completed. (0x12B)
[0602/083712.137:ERROR:process_memory_win.cc(73)] ReadMemory at 0x83cee12000 of 6024 bytes failed: Only part of a ReadProcessMemory or WriteProcessMemory request was completed. (0x12B)
[0602/083712.138:ERROR:process_memory_win.cc(73)] ReadMemory at 0x83cee62000 of 6024 bytes failed: Only part of a ReadProcessMemory or WriteProcessMemory request was completed. (0x12B)
[0602/083712.138:ERROR:process_memory_win.cc(73)] ReadMemory at 0x83cee6c000 of 6024 bytes failed: Only part of a ReadProcessMemory or WriteProcessMemory request was completed. (0x12B)
[0602/083712.152:ERROR:process_memory_win.cc(73)] ReadMemory at 0x83cee6e000 of 6024 bytes failed: Only part of a ReadProcessMemory or WriteProcessMemory request was completed. (0x12B)
[0602/083712.152:ERROR:process_memory_win.cc(73)] ReadMemory at 0x83cee70000 of 6024 bytes failed: Only part of a ReadProcessMemory or WriteProcessMemory request was completed. (0x12B)
[0602/083712.152:ERROR:process_memory_win.cc(73)] ReadMemory at 0x83cef42000 of 6024 bytes failed: Only part of a ReadProcessMemory or WriteProcessMemory request was completed. (0x12B)
[0602/083712.153:ERROR:process_memory_win.cc(73)] ReadMemory at 0x83cefef000 of 852 bytes failed: Only part of a ReadProcessMemory or WriteProcessMemory request was completed. (0x12B)
[0602/083712.153:ERROR:process_memory_win.cc(73)] ReadMemory at 0x83ceff0000 of 6024 bytes failed: Only part of a ReadProcessMemory or WriteProcessMemory request was completed. (0x12B)
[0602/083712.154:ERROR:process_memory_win.cc(73)] ReadMemory at 0x83ceff2000 of 6024 bytes failed: Only part of a ReadProcessMemory or WriteProcessMemory request was completed. (0x12B)
[0602/083712.154:ERROR:process_memory_win.cc(73)] ReadMemory at 0x83ceff6000 of 6024 bytes failed: Only part of a ReadProcessMemory or WriteProcessMemory request was completed. (0x12B)
[0602/083712.154:ERROR:process_memory_win.cc(73)] ReadMemory at 0x83ceff8000 of 6024 bytes failed: Only part of a ReadProcessMemory or WriteProcessMemory request was completed. (0x12B)
[0602/083712.154:ERROR:process_memory_win.cc(73)] ReadMemory at 0x83ceffa000 of 6024 bytes failed: Only part of a ReadProcessMemory or WriteProcessMemory request was completed. (0x12B)
[0602/083712.155:ERROR:process_memory_win.cc(73)] ReadMemory at 0x83ceffc000 of 6024 bytes failed: Only part of a ReadProcessMemory or WriteProcessMemory request was completed. (0x12B)
[0602/083712.155:ERROR:process_memory_win.cc(73)] ReadMemory at 0x83ceffe000 of 6024 bytes failed: Only part of a ReadProcessMemory or WriteProcessMemory request was completed. (0x12B)
[0602/083712.155:ERROR:process_memory_win.cc(73)] ReadMemory at 0x22236bb0fc0 of 25168 bytes failed: Only part of a ReadProcessMemory or WriteProcessMemory request was completed. (0x12B)
[0602/083712.156:ERROR:process_memory_win.cc(73)] ReadMemory at 0x22236bb7220 of 1012 bytes failed: Only part of a ReadProcessMemory or WriteProcessMemory request was completed. (0x12B)
[0602/083712.156:ERROR:process_memory_win.cc(73)] ReadMemory at 0x22236bb7838 of 118 bytes failed: Only part of a ReadProcessMemory or WriteProcessMemory request was completed. (0x12B)
[0602/083712.156:ERROR:process_memory_win.cc(73)] ReadMemory at 0x22236bb78b0 of 770 bytes failed: Only part of a ReadProcessMemory or WriteProcessMemory request was completed. (0x12B)
[0602/083712.156:ERROR:process_memory_win.cc(73)] ReadMemory at 0x22236bb7bb4 of 118 bytes failed: Only part of a ReadProcessMemory or WriteProcessMemory request was completed. (0x12B)
[0602/083712.156:ERROR:process_memory_win.cc(73)] ReadMemory at 0x22236bb7c2c of 96 bytes failed: Only part of a ReadProcessMemory or WriteProcessMemory request was completed. (0x12B)
[0602/083712.157:ERROR:process_memory_win.cc(73)] ReadMemory at 0x22236bb7ca0 of 58 bytes failed: Only part of a ReadProcessMemory or WriteProcessMemory request was completed. (0x12B)
[0602/083712.157:ERROR:process_memory_win.cc(73)] ReadMemory at 0x22236bb7da0 of 132 bytes failed: Only part of a ReadProcessMemory or WriteProcessMemory request was completed. (0x12B)
[0602/083712.157:ERROR:process_memory_win.cc(73)] ReadMemory at 0x22236bb7f30 of 132 bytes failed: Only part of a ReadProcessMemory or WriteProcessMemory request was completed. (0x12B)
[0602/083712.157:ERROR:process_memory_win.cc(73)] ReadMemory at 0x22236bb80f0 of 124 bytes failed: Only part of a ReadProcessMemory or WriteProcessMemory request was completed. (0x12B)
[0602/083712.157:ERROR:process_memory_win.cc(73)] ReadMemory at 0x22236bb84b0 of 132 bytes failed: Only part of a ReadProcessMemory or WriteProcessMemory request was completed. (0x12B)
[0602/083712.158:ERROR:process_memory_win.cc(73)] ReadMemory at 0x22236bb8640 of 64 bytes failed: Only part of a ReadProcessMemory or WriteProcessMemory request was completed. (0x12B)
[0602/083712.158:ERROR:process_memory_win.cc(73)] ReadMemory at 0x22236bb8690 of 132 bytes failed: Only part of a ReadProcessMemory or WriteProcessMemory request was completed. (0x12B)
[0602/083712.158:ERROR:process_memory_win.cc(73)] ReadMemory at 0x22236bb89c0 of 132 bytes failed: Only part of a ReadProcessMemory or WriteProcessMemory request was completed. (0x12B)
[0602/083712.158:ERROR:process_memory_win.cc(73)] ReadMemory at 0x22236bb8b50 of 68 bytes failed: Only part of a ReadProcessMemory or WriteProcessMemory request was completed. (0x12B)
[0602/083712.159:ERROR:process_memory_win.cc(73)] ReadMemory at 0x22236bb9910 of 132 bytes failed: Only part of a ReadProcessMemory or WriteProcessMemory request was completed. (0x12B)
[0602/083712.159:ERROR:process_memory_win.cc(73)] ReadMemory at 0x22236bb9b00 of 132 bytes failed: Only part of a ReadProcessMemory or WriteProcessMemory request was completed. (0x12B)
[0602/083712.159:ERROR:process_memory_win.cc(73)] ReadMemory at 0x22236bb9c30 of 152 bytes failed: Only part of a ReadProcessMemory or WriteProcessMemory request was completed. (0x12B)
[0602/083712.159:ERROR:process_memory_win.cc(73)] ReadMemory at 0x22236bba8d0 of 132 bytes failed: Only part of a ReadProcessMemory or WriteProcessMemory request was completed. (0x12B)
[0602/083712.159:ERROR:process_memory_win.cc(73)] ReadMemory at 0x22236bbaa30 of 62 bytes failed: Only part of a ReadProcessMemory or WriteProcessMemory request was completed. (0x12B)
[0602/083712.160:ERROR:process_memory_win.cc(73)] ReadMemory at 0x22236bbab70 of 132 bytes failed: Only part of a ReadProcessMemory or WriteProcessMemory request was completed. (0x12B)
[0602/083712.160:ERROR:process_memory_win.cc(73)] ReadMemory at 0x22236bbad00 of 60 bytes failed: Only part of a ReadProcessMemory or WriteProcessMemory request was completed. (0x12B)
[0602/083712.160:ERROR:process_memory_win.cc(73)] ReadMemory at 0x22236bbe060 of 132 bytes failed: Only part of a ReadProcessMemory or WriteProcessMemory request was completed. (0x12B)
[0602/083712.160:ERROR:process_memory_win.cc(73)] ReadMemory at 0x22236bbe1f0 of 80 bytes failed: Only part of a ReadProcessMemory or WriteProcessMemory request was completed. (0x12B)
[0602/083712.161:ERROR:process_memory_win.cc(73)] ReadMemory at 0x22236bc2b30 of 132 bytes failed: Only part of a ReadProcessMemory or WriteProcessMemory request was completed. (0x12B)
[0602/083712.161:ERROR:process_memory_win.cc(73)] ReadMemory at 0x22236bc2d50 of 132 bytes failed: Only part of a ReadProcessMemory or WriteProcessMemory request was completed. (0x12B)
[0602/083712.161:ERROR:process_memory_win.cc(73)] ReadMemory at 0x22236bc2e80 of 132 bytes failed: Only part of a ReadProcessMemory or WriteProcessMemory request was completed. (0x12B)
[0602/083712.161:ERROR:process_memory_win.cc(73)] ReadMemory at 0x22236bc2fb0 of 144 bytes failed: Only part of a ReadProcessMemory or WriteProcessMemory request was completed. (0x12B)
[0602/083712.161:ERROR:process_memory_win.cc(73)] ReadMemory at 0x22236bc3050 of 132 bytes failed: Only part of a ReadProcessMemory or WriteProcessMemory request was completed. (0x12B)
[0602/083712.162:ERROR:process_memory_win.cc(73)] ReadMemory at 0x22236bc4520 of 132 bytes failed: Only part of a ReadProcessMemory or WriteProcessMemory request was completed. (0x12B)
[0602/083712.162:ERROR:process_memory_win.cc(73)] ReadMemory at 0x22236bc4ee0 of 54 bytes failed: Only part of a ReadProcessMemory or WriteProcessMemory request was completed. (0x12B)
[0602/083712.162:ERROR:process_memory_win.cc(73)] ReadMemory at 0x22236bca1b0 of 132 bytes failed: Only part of a ReadProcessMemory or WriteProcessMemory request was completed. (0x12B)
[0602/083712.162:ERROR:process_memory_win.cc(73)] ReadMemory at 0x22236bca330 of 62 bytes failed: Only part of a ReadProcessMemory or WriteProcessMemory request was completed. (0x12B)
[0602/083712.162:ERROR:process_memory_win.cc(73)] ReadMemory at 0x22236bca420 of 60 bytes failed: Only part of a ReadProcessMemory or WriteProcessMemory request was completed. (0x12B)
[0602/083712.163:ERROR:process_memory_win.cc(73)] ReadMemory at 0x22236bca470 of 64 bytes failed: Only part of a ReadProcessMemory or WriteProcessMemory request was completed. (0x12B)
[0602/083712.163:ERROR:process_memory_win.cc(73)] ReadMemory at 0x22236bca4c0 of 62 bytes failed: Only part of a ReadProcessMemory or WriteProcessMemory request was completed. (0x12B)
[0602/083712.163:ERROR:process_memory_win.cc(73)] ReadMemory at 0x22236bca5b0 of 64 bytes failed: Only part of a ReadProcessMemory or WriteProcessMemory request was completed. (0x12B)
[0602/083712.163:ERROR:process_memory_win.cc(73)] ReadMemory at 0x22236bca6a0 of 64 bytes failed: Only part of a ReadProcessMemory or WriteProcessMemory request was completed. (0x12B)
[0602/083712.163:ERROR:process_memory_win.cc(73)] ReadMemory at 0x22236bca6f0 of 60 bytes failed: Only part of a ReadProcessMemory or WriteProcessMemory request was completed. (0x12B)
[0602/083712.164:ERROR:process_memory_win.cc(73)] ReadMemory at 0x22236bca790 of 62 bytes failed: Only part of a ReadProcessMemory or WriteProcessMemory request was completed. (0x12B)
[0602/083712.164:ERROR:process_memory_win.cc(73)] ReadMemory at 0x22236bca7e0 of 62 bytes failed: Only part of a ReadProcessMemory or WriteProcessMemory request was completed. (0x12B)
[0602/083712.164:ERROR:process_memory_win.cc(73)] ReadMemory at 0x22236bca830 of 60 bytes failed: Only part of a ReadProcessMemory or WriteProcessMemory request was completed. (0x12B)
[0602/083712.164:ERROR:process_memory_win.cc(73)] ReadMemory at 0x22236bca8d0 of 62 bytes failed: Only part of a ReadProcessMemory or WriteProcessMemory request was completed. (0x12B)
[0602/083712.164:ERROR:process_memory_win.cc(73)] ReadMemory at 0x22236bcab00 of 66 bytes failed: Only part of a ReadProcessMemory or WriteProcessMemory request was completed. (0x12B)
[0602/083712.165:ERROR:process_memory_win.cc(73)] ReadMemory at 0x22236bcace0 of 62 bytes failed: Only part of a ReadProcessMemory or WriteProcessMemory request was completed. (0x12B)
[0602/083712.165:ERROR:process_memory_win.cc(73)] ReadMemory at 0x22236bcad30 of 64 bytes failed: Only part of a ReadProcessMemory or WriteProcessMemory request was completed. (0x12B)
[0602/083712.165:ERROR:process_memory_win.cc(73)] ReadMemory at 0x22236bcad80 of 60 bytes failed: Only part of a ReadProcessMemory or WriteProcessMemory request was completed. (0x12B)
[0602/083712.165:ERROR:process_memory_win.cc(73)] ReadMemory at 0x22236bcae70 of 64 bytes failed: Only part of a ReadProcessMemory or WriteProcessMemory request was completed. (0x12B)
[0602/083712.166:ERROR:process_memory_win.cc(73)] ReadMemory at 0x22236bcb230 of 62 bytes failed: Only part of a ReadProcessMemory or WriteProcessMemory request was completed. (0x12B)
[0602/083712.166:ERROR:process_memory_win.cc(73)] ReadMemory at 0x22236bcb280 of 62 bytes failed: Only part of a ReadProcessMemory or WriteProcessMemory request was completed. (0x12B)
[0602/083712.166:ERROR:process_memory_win.cc(73)] ReadMemory at 0x22236bcc080 of 64 bytes failed: Only part of a ReadProcessMemory or WriteProcessMemory request was completed. (0x12B)
[0602/083712.323:ERROR:process_memory_win.cc(73)] ReadMemory at 0x22236bcc120 of 64 bytes failed: Only part of a ReadProcessMemory or WriteProcessMemory request was completed. (0x12B)
[0602/083712.324:ERROR:process_memory_win.cc(73)] ReadMemory at 0x22236bcc300 of 64 bytes failed: Only part of a ReadProcessMemory or WriteProcessMemory request was completed. (0x12B)
[0602/083712.324:ERROR:process_memory_win.cc(73)] ReadMemory at 0x22236bcc350 of 62 bytes failed: Only part of a ReadProcessMemory or WriteProcessMemory request was completed. (0x12B)
[0602/083712.324:ERROR:process_memory_win.cc(73)] ReadMemory at 0x22236bcc3a0 of 60 bytes failed: Only part of a ReadProcessMemory or WriteProcessMemory request was completed. (0x12B)
[0602/083712.325:ERROR:process_memory_win.cc(73)] ReadMemory at 0x22236bcc440 of 66 bytes failed: Only part of a ReadProcessMemory or WriteProcessMemory request was completed. (0x12B)
[0602/083712.457:ERROR:process_memory_win.cc(73)] ReadMemory at 0x22236bcc5d0 of 58 bytes failed: Only part of a ReadProcessMemory or WriteProcessMemory request was completed. (0x12B)
[0602/083712.457:ERROR:process_memory_win.cc(73)] ReadMemory at 0x22236bcd400 of 132 bytes failed: Only part of a ReadProcessMemory or WriteProcessMemory request was completed. (0x12B)
[0602/083712.458:ERROR:process_memory_win.cc(73)] ReadMemory at 0x22236bcdea0 of 132 bytes failed: Only part of a ReadProcessMemory or WriteProcessMemory request was completed. (0x12B)
[0602/083712.458:ERROR:process_memory_win.cc(73)] ReadMemory at 0x22236bcdfd0 of 132 bytes failed: Only part of a ReadProcessMemory or WriteProcessMemory request was completed. (0x12B)
[0602/083712.458:ERROR:process_memory_win.cc(73)] ReadMemory at 0x22236bce100 of 132 bytes failed: Only part of a ReadProcessMemory or WriteProcessMemory request was completed. (0x12B)
[0602/083712.458:ERROR:process_memory_win.cc(73)] ReadMemory at 0x22236bce230 of 132 bytes failed: Only part of a ReadProcessMemory or WriteProcessMemory request was completed. (0x12B)
[0602/083712.459:ERROR:process_memory_win.cc(73)] ReadMemory at 0x22236bce360 of 132 bytes failed: Only part of a ReadProcessMemory or WriteProcessMemory request was completed. (0x12B)
[0602/083712.459:ERROR:process_memory_win.cc(73)] ReadMemory at 0x22236bce490 of 132 bytes failed: Only part of a ReadProcessMemory or WriteProcessMemory request was completed. (0x12B)
[0602/083712.459:ERROR:process_memory_win.cc(73)] ReadMemory at 0x22236bce5c0 of 132 bytes failed: Only part of a ReadProcessMemory or WriteProcessMemory request was completed. (0x12B)
[0602/083712.459:ERROR:process_memory_win.cc(73)] ReadMemory at 0x22236bce6f0 of 132 bytes failed: Only part of a ReadProcessMemory or WriteProcessMemory request was completed. (0x12B)
[0602/083712.459:ERROR:process_memory_win.cc(73)] ReadMemory at 0x22236bce820 of 132 bytes failed: Only part of a ReadProcessMemory or WriteProcessMemory request was completed. (0x12B)
[0602/083712.460:ERROR:process_memory_win.cc(73)] ReadMemory at 0x22236bce950 of 132 bytes failed: Only part of a ReadProcessMemory or WriteProcessMemory request was completed. (0x12B)
[0602/083712.460:ERROR:process_memory_win.cc(73)] ReadMemory at 0x22236bcea80 of 132 bytes failed: Only part of a ReadProcessMemory or WriteProcessMemory request was completed. (0x12B)
[0602/083712.460:ERROR:process_memory_win.cc(73)] ReadMemory at 0x22236bcebb0 of 132 bytes failed: Only part of a ReadProcessMemory or WriteProcessMemory request was completed. (0x12B)
[0602/083712.460:ERROR:process_memory_win.cc(73)] ReadMemory at 0x22236bcece0 of 132 bytes failed: Only part of a ReadProcessMemory or WriteProcessMemory request was completed. (0x12B)
[0602/083712.460:ERROR:process_memory_win.cc(73)] ReadMemory at 0x22236bd0b20 of 80 bytes failed: Only part of a ReadProcessMemory or WriteProcessMemory request was completed. (0x12B)
[0602/083712.461:ERROR:process_memory_win.cc(73)] ReadMemory at 0x22236bd1de0 of 132 bytes failed: Only part of a ReadProcessMemory or WriteProcessMemory request was completed. (0x12B)
[0602/083712.461:ERROR:process_memory_win.cc(73)] ReadMemory at 0x22236bd2500 of 132 bytes failed: Only part of a ReadProcessMemory or WriteProcessMemory request was completed. (0x12B)
[0602/083712.461:ERROR:process_memory_win.cc(73)] ReadMemory at 0x22236bd2630 of 132 bytes failed: Only part of a ReadProcessMemory or WriteProcessMemory request was completed. (0x12B)
[0602/083712.461:ERROR:process_memory_win.cc(73)] ReadMemory at 0x22236bd2760 of 132 bytes failed: Only part of a ReadProcessMemory or WriteProcessMemory request was completed. (0x12B)
[0602/083712.461:ERROR:process_memory_win.cc(73)] ReadMemory at 0x22236bd2890 of 132 bytes failed: Only part of a ReadProcessMemory or WriteProcessMemory request was completed. (0x12B)
[0602/083712.462:ERROR:process_memory_win.cc(73)] ReadMemory at 0x22236bd3340 of 132 bytes failed: Only part of a ReadProcessMemory or WriteProcessMemory request was completed. (0x12B)
[0602/083712.462:ERROR:process_memory_win.cc(73)] ReadMemory at 0x22236bd3c00 of 512 bytes failed: Only part of a ReadProcessMemory or WriteProcessMemory request was completed. (0x12B)
[0602/083712.462:ERROR:process_memory_win.cc(73)] ReadMemory at 0x22236be1bb0 of 512 bytes failed: Only part of a ReadProcessMemory or WriteProcessMemory request was completed. (0x12B)
[0602/083712.462:ERROR:process_memory_win.cc(73)] ReadMemory at 0x22236d339a0 of 512 bytes failed: Only part of a ReadProcessMemory or WriteProcessMemory request was completed. (0x12B)
[0602/083712.463:ERROR:process_memory_win.cc(73)] ReadMemory at 0x2223751e840 of 512 bytes failed: Only part of a ReadProcessMemory or WriteProcessMemory request was completed. (0x12B)
[0602/083712.463:ERROR:process_memory_win.cc(73)] ReadMemory at 0x22237525120 of 712 bytes failed: Only part of a ReadProcessMemory or WriteProcessMemory request was completed. (0x12B)
[0602/083712.463:ERROR:process_memory_win.cc(73)] ReadMemory at 0x22237526e40 of 512 bytes failed: Only part of a ReadProcessMemory or WriteProcessMemory request was completed. (0x12B)
[0602/083712.463:ERROR:process_memory_win.cc(73)] ReadMemory at 0x2223756c5f0 of 512 bytes failed: Only part of a ReadProcessMemory or WriteProcessMemory request was completed. (0x12B)
[0602/083712.463:ERROR:process_memory_win.cc(73)] ReadMemory at 0x222375cb960 of 512 bytes failed: Only part of a ReadProcessMemory or WriteProcessMemory request was completed. (0x12B)
[0602/083712.464:ERROR:process_memory_win.cc(73)] ReadMemory at 0x22239460900 of 512 bytes failed: Only part of a ReadProcessMemory or WriteProcessMemory request was completed. (0x12B)
[0602/083712.464:ERROR:process_memory_win.cc(73)] ReadMemory at 0x22239abf4f0 of 512 bytes failed: Only part of a ReadProcessMemory or WriteProcessMemory request was completed. (0x12B)
[0602/083712.464:ERROR:process_memory_win.cc(73)] ReadMemory at 0x2223be92030 of 656 bytes failed: Only part of a ReadProcessMemory or WriteProcessMemory request was completed. (0x12B)
[0602/083712.464:ERROR:process_memory_win.cc(73)] ReadMemory at 0x14920aca2eb8 of 512 bytes failed: Only part of a ReadProcessMemory or WriteProcessMemory request was completed. (0x12B)
[0602/083712.465:ERROR:process_memory_win.cc(73)] ReadMemory at 0x36385232dcc8 of 512 bytes failed: Only part of a ReadProcessMemory or WriteProcessMemory request was completed. (0x12B)
[0602/083712.465:ERROR:process_memory_win.cc(73)] ReadMemory at 0x51ff0cc5e498 of 512 bytes failed: Only part of a ReadProcessMemory or WriteProcessMemory request was completed. (0x12B)
[0602/083712.465:ERROR:process_memory_win.cc(73)] ReadMemory at 0x5eea363acda0 of 512 bytes failed: Only part of a ReadProcessMemory or WriteProcessMemory request was completed. (0x12B)
[0602/083712.465:ERROR:process_memory_win.cc(73)] ReadMemory at 0x62ec9ac25800 of 512 bytes failed: Only part of a ReadProcessMemory or WriteProcessMemory request was completed. (0x12B)
[0602/083713.638:ERROR:scoped_process_suspend.cc(40)] NtResumeProcess: An attempt was made to access an exiting process. (0xc000010a)
